                                 Started job on |	Feb 06 09:49:16
                             Started mapping on |	Feb 06 09:49:33
                                    Finished on |	Feb 06 09:49:38
       Mapping speed, Million of reads per hour |	7.51

                          Number of input reads |	10427
                      Average input read length |	49
                                    UNIQUE READS:
                   Uniquely mapped reads number |	7680
                        Uniquely mapped reads % |	73.65%
                          Average mapped length |	46.56
                       Number of splices: Total |	170
            Number of splices: Annotated (sjdb) |	122
                       Number of splices: GT/AG |	157
                       Number of splices: GC/AG |	3
                       Number of splices: AT/AC |	0
               Number of splices: Non-canonical |	10
                      Mismatch rate per base, % |	0.68%
                         Deletion rate per base |	0.01%
                        Deletion average length |	1.44
                        Insertion rate per base |	0.01%
                       Insertion average length |	1.24
                             MULTI-MAPPING READS:
        Number of reads mapped to multiple loci |	2560
             % of reads mapped to multiple loci |	24.55%
        Number of reads mapped to too many loci |	89
             % of reads mapped to too many loci |	0.85%
                                  UNMAPPED READS:
       % of reads unmapped: too many mismatches |	0.00%
                 % of reads unmapped: too short |	0.00%
                     % of reads unmapped: other |	0.94%
                                  CHIMERIC READS:
                       Number of chimeric reads |	0
                            % of chimeric reads |	0.00%
